<?xml version="1.0" encoding="UTF-8"?>
<!-- Generated by org.testng.reporters.JUnitReportReporter -->
<testsuite hostname="QT-INBG-LT1026" failures="0" tests="1" name="Pomproject.Pomproject.PsignupTest" time="6.856" errors="0" timestamp="2022-09-19T16:39:50 IST" skipped="0">
  <testcase classname="Pomproject.Pomproject.PsignupTest" name="registerButton" time="6.856"/>
  <system-out/>
</testsuite> <!-- Pomproject.Pomproject.PsignupTest -->
